<?xml version="1.0" encoding="UTF-8"?>
<!-- Generated by org.testng.reporters.JUnitReportReporter -->
<testsuite hostname="DESKTOP-TOKQ4DC" failures="0" tests="1" name="reusableMethodsLibrary.Invoice" time="28.803" errors="0" timestamp="2023-12-19T17:18:37 IST" skipped="0">
  <testcase classname="reusableMethodsLibrary.Invoice" name="invoiceTest" time="28.803"/>
</testsuite> <!-- reusableMethodsLibrary.Invoice -->
