<?xml version="1.0" encoding="UTF-8"?>
<!-- Generated by org.testng.reporters.JUnitReportReporter -->
<testsuite hostname="DESKTOP-TOKQ4DC" failures="0" tests="1" name="reusableMethodsLibrary.UserCreation" time="20.784" errors="0" timestamp="2024-02-21T22:56:55 IST" skipped="0">
  <testcase classname="reusableMethodsLibrary.UserCreation" name="roleCreation" time="20.784"/>
</testsuite> <!-- reusableMethodsLibrary.UserCreation -->
