<?xml version="1.0" encoding="UTF-8"?>
<!-- Generated by org.testng.reporters.JUnitReportReporter -->
<testsuite hostname="DESKTOP-TOKQ4DC" failures="0" tests="1" name="reusableMethodsLibrary.ClmContractOnb" time="30.597" errors="0" timestamp="2023-12-12T12:11:47 IST" skipped="0">
  <testcase classname="reusableMethodsLibrary.ClmContractOnb" name="contractOnboarding" time="30.597"/>
</testsuite> <!-- reusableMethodsLibrary.ClmContractOnb -->
