<?xml version="1.0" encoding="UTF-8"?>
<!-- Generated by org.testng.reporters.JUnitReportReporter -->
<testsuite hostname="DESKTOP-TOKQ4DC" failures="0" tests="3" name="saaspeTestCase.SingleUserOnboarding" time="30.622" errors="0" timestamp="2023-12-19T17:13:07 IST" skipped="0">
  <testcase classname="saaspeTestCase.SingleUserOnboarding" name="userTest1" time="19.960"/>
  <testcase classname="saaspeTestCase.SingleUserOnboarding" name="userTest2" time="1.705"/>
  <testcase classname="saaspeTestCase.SingleUserOnboarding" name="userTest3" time="8.957"/>
</testsuite> <!-- saaspeTestCase.SingleUserOnboarding -->
