<?xml version="1.0" encoding="UTF-8"?>
<!-- Generated by org.testng.reporters.JUnitReportReporter -->
<testsuite hostname="DESKTOP-TOKQ4DC" failures="0" tests="3" name="saaspeTestCase.SingleDepartmentOnboarding" time="25.399" errors="0" timestamp="2024-02-21T11:37:52 IST" skipped="0">
  <testcase classname="saaspeTestCase.SingleDepartmentOnboarding" name="test1" time="21.898"/>
  <testcase classname="saaspeTestCase.SingleDepartmentOnboarding" name="test2" time="1.148"/>
  <testcase classname="saaspeTestCase.SingleDepartmentOnboarding" name="test3" time="2.353"/>
</testsuite> <!-- saaspeTestCase.SingleDepartmentOnboarding -->
