<?xml version="1.0" encoding="UTF-8"?>
<!-- Generated by org.testng.reporters.JUnitReportReporter -->
<testsuite hostname="DESKTOP-TOKQ4DC" failures="0" tests="3" name="saaspeTestCase.SingleDepartmentOnboarding" time="7.404" errors="0" timestamp="2023-10-24T13:09:58 IST" skipped="0">
  <testcase classname="saaspeTestCase.SingleDepartmentOnboarding" name="test1" time="6.146"/>
  <testcase classname="saaspeTestCase.SingleDepartmentOnboarding" name="test2" time="0.662"/>
  <testcase classname="saaspeTestCase.SingleDepartmentOnboarding" name="test3" time="0.596"/>
</testsuite> <!-- saaspeTestCase.SingleDepartmentOnboarding -->
