<?xml version="1.0" encoding="UTF-8"?>
<!-- Generated by org.testng.reporters.JUnitReportReporter -->
<testsuite hostname="DESKTOP-TOKQ4DC" failures="0" tests="1" name="reusableMethodsLibrary.SignUpUser" time="10.485" errors="0" timestamp="2024-02-21T22:50:20 IST" skipped="0">
  <testcase classname="reusableMethodsLibrary.SignUpUser" name="userSignUp" time="10.485"/>
</testsuite> <!-- reusableMethodsLibrary.SignUpUser -->
