<?xml version="1.0" encoding="UTF-8"?>
<!-- Generated by org.testng.reporters.JUnitReportReporter -->
<testsuite hostname="DESKTOP-TOKQ4DC" failures="0" tests="1" name="reusableMethodsLibrary.BudgetCreation" time="21.441" errors="0" timestamp="2024-02-21T22:51:24 IST" skipped="0">
  <testcase classname="reusableMethodsLibrary.BudgetCreation" name="budgetCreation" time="21.441"/>
</testsuite> <!-- reusableMethodsLibrary.BudgetCreation -->
