<?xml version="1.0" encoding="UTF-8"?>
<!-- Generated by org.testng.reporters.JUnitReportReporter -->
<testsuite hostname="DESKTOP-TOKQ4DC" failures="0" tests="3" name="saaspeTestCase.SingleDepartmentOnboarding" time="9.114" errors="0" timestamp="2023-12-19T17:13:07 IST" skipped="0">
  <testcase classname="saaspeTestCase.SingleDepartmentOnboarding" name="test1" time="7.878"/>
  <testcase classname="saaspeTestCase.SingleDepartmentOnboarding" name="test2" time="0.669"/>
  <testcase classname="saaspeTestCase.SingleDepartmentOnboarding" name="test3" time="0.567"/>
</testsuite> <!-- saaspeTestCase.SingleDepartmentOnboarding -->
