<?xml version="1.0" encoding="UTF-8"?>
<!-- Generated by org.testng.reporters.JUnitReportReporter -->
<testsuite hostname="DESKTOP-TOKQ4DC" failures="0" tests="1" name="reusableMethodsLibrary.ProjectOnboarding" time="25.941" errors="0" timestamp="2024-02-21T22:59:28 IST" skipped="0">
  <testcase classname="reusableMethodsLibrary.ProjectOnboarding" name="singleProject" time="25.941"/>
</testsuite> <!-- reusableMethodsLibrary.ProjectOnboarding -->
