<?xml version="1.0" encoding="UTF-8"?>
<!-- Generated by org.testng.reporters.JUnitReportReporter -->
<testsuite hostname="DESKTOP-TOKQ4DC" failures="0" tests="1" name="reusableMethodsLibrary.Invoice" time="34.656" errors="0" timestamp="2023-11-27T15:22:20 IST" skipped="0">
  <testcase classname="reusableMethodsLibrary.Invoice" name="invoiceTest" time="34.656"/>
</testsuite> <!-- reusableMethodsLibrary.Invoice -->
