<?xml version="1.0" encoding="UTF-8"?>
<!-- Generated by org.testng.reporters.JUnitReportReporter -->
<testsuite hostname="DESKTOP-TOKQ4DC" failures="0" tests="1" name="reusableMethodsLibrary.UserOnboarding" time="28.437" errors="0" timestamp="2024-02-21T22:53:16 IST" skipped="0">
  <testcase classname="reusableMethodsLibrary.UserOnboarding" name="singleUser" time="28.437"/>
</testsuite> <!-- reusableMethodsLibrary.UserOnboarding -->
