<?xml version="1.0" encoding="UTF-8"?>
<!-- Generated by org.testng.reporters.JUnitReportReporter -->
<testsuite hostname="DESKTOP-TOKQ4DC" failures="0" tests="3" name="saaspeTestCase.SingleUserOnboarding" time="30.943" errors="0" timestamp="2023-12-14T16:03:55 IST" skipped="0">
  <testcase classname="saaspeTestCase.SingleUserOnboarding" name="userTest1" time="20.030"/>
  <testcase classname="saaspeTestCase.SingleUserOnboarding" name="userTest2" time="2.021"/>
  <testcase classname="saaspeTestCase.SingleUserOnboarding" name="userTest3" time="8.892"/>
</testsuite> <!-- saaspeTestCase.SingleUserOnboarding -->
