<?xml version="1.0" encoding="UTF-8"?>
<!-- Generated by org.testng.reporters.JUnitReportReporter -->
<testsuite hostname="DESKTOP-TOKQ4DC" failures="0" tests="1" name="reusableMethodsLibrary.ChangePassword" time="9.021" errors="0" timestamp="2024-03-04T15:43:52 IST" skipped="0">
  <testcase classname="reusableMethodsLibrary.ChangePassword" name="changePassword" time="9.021"/>
</testsuite> <!-- reusableMethodsLibrary.ChangePassword -->
