<?xml version="1.0" encoding="UTF-8"?>
<!-- Generated by org.testng.reporters.JUnitReportReporter -->
<testsuite hostname="DESKTOP-TOKQ4DC" failures="0" tests="1" name="reusableMethodsLibrary.Invoice" time="30.637" errors="0" timestamp="2023-11-28T12:45:35 IST" skipped="0">
  <testcase classname="reusableMethodsLibrary.Invoice" name="invoiceTest" time="30.637"/>
</testsuite> <!-- reusableMethodsLibrary.Invoice -->
