<?xml version="1.0" encoding="UTF-8"?>
<!-- Generated by org.testng.reporters.JUnitReportReporter -->
<testsuite hostname="DESKTOP-TOKQ4DC" failures="0" tests="1" name="reusableMethodsLibrary.DepartmentSingle" time="17.502" errors="0" timestamp="2024-02-21T22:55:26 IST" skipped="0">
  <testcase classname="reusableMethodsLibrary.DepartmentSingle" name="singleDepartment" time="17.502"/>
</testsuite> <!-- reusableMethodsLibrary.DepartmentSingle -->
