<?xml version="1.0" encoding="UTF-8"?>
<!-- Generated by org.testng.reporters.JUnitReportReporter -->
<testsuite hostname="DESKTOP-TOKQ4DC" failures="0" tests="1" name="reusableMethodsLibrary.CurrencyConversion" time="15.106" errors="0" timestamp="2024-02-21T22:41:33 IST" skipped="0">
  <testcase classname="reusableMethodsLibrary.CurrencyConversion" name="changePreferredCurrency" time="15.106"/>
</testsuite> <!-- reusableMethodsLibrary.CurrencyConversion -->
