<?xml version="1.0" encoding="UTF-8"?>
<!-- Generated by org.testng.reporters.JUnitReportReporter -->
<testsuite hostname="DESKTOP-TOKQ4DC" failures="0" tests="1" name="reusableMethodsLibrary.Invoice" time="45.254" errors="0" timestamp="2024-02-21T22:48:45 IST" skipped="0">
  <testcase classname="reusableMethodsLibrary.Invoice" name="invoiceTest" time="45.254"/>
</testsuite> <!-- reusableMethodsLibrary.Invoice -->
