<?xml version="1.0" encoding="UTF-8"?>
<!-- Generated by org.testng.reporters.JUnitReportReporter -->
<testsuite hostname="DESKTOP-TOKQ4DC" failures="0" tests="2" name="saaspeTestCase.UserSignUp" time="9.533" errors="0" timestamp="2023-12-14T16:03:55 IST" skipped="0">
  <testcase classname="saaspeTestCase.UserSignUp" name="accDetails" time="1.363"/>
  <testcase classname="saaspeTestCase.UserSignUp" name="usrDetails" time="8.170"/>
</testsuite> <!-- saaspeTestCase.UserSignUp -->
