<?xml version="1.0" encoding="UTF-8"?>
<!-- Generated by org.testng.reporters.JUnitReportReporter -->
<testsuite hostname="DESKTOP-TOKQ4DC" failures="0" tests="2" name="saaspeTestCase.UserSignUp" time="9.459" errors="0" timestamp="2024-02-21T11:37:52 IST" skipped="0">
  <testcase classname="saaspeTestCase.UserSignUp" name="accDetails" time="1.259"/>
  <testcase classname="saaspeTestCase.UserSignUp" name="usrDetails" time="8.200"/>
</testsuite> <!-- saaspeTestCase.UserSignUp -->
