<?xml version="1.0" encoding="UTF-8"?>
<!-- Generated by org.testng.reporters.JUnitReportReporter -->
<testsuite hostname="DESKTOP-TOKQ4DC" failures="0" tests="3" name="saaspeTestCase.SingleDepartmentOnboarding" time="9.535" errors="0" timestamp="2023-12-14T16:03:55 IST" skipped="0">
  <testcase classname="saaspeTestCase.SingleDepartmentOnboarding" name="test1" time="7.894"/>
  <testcase classname="saaspeTestCase.SingleDepartmentOnboarding" name="test2" time="1.039"/>
  <testcase classname="saaspeTestCase.SingleDepartmentOnboarding" name="test3" time="0.602"/>
</testsuite> <!-- saaspeTestCase.SingleDepartmentOnboarding -->
