<?xml version="1.0" encoding="UTF-8"?>
<!-- Generated by org.testng.reporters.JUnitReportReporter -->
<testsuite hostname="DESKTOP-TOKQ4DC" failures="0" tests="1" name="reusableMethodsLibrary.WorkflowUser" time="14.979" errors="0" timestamp="2023-12-20T16:10:25 IST" skipped="0">
  <testcase classname="reusableMethodsLibrary.WorkflowUser" name="userLastLogin" time="14.979"/>
</testsuite> <!-- reusableMethodsLibrary.WorkflowUser -->
