<?xml version="1.0" encoding="UTF-8"?>
<!-- Generated by org.testng.reporters.JUnitReportReporter -->
<testsuite hostname="DESKTOP-TOKQ4DC" failures="0" tests="1" name="reusableMethodsLibrary.Invoice" time="27.747" errors="0" timestamp="2023-12-14T16:10:49 IST" skipped="0">
  <testcase classname="reusableMethodsLibrary.Invoice" name="invoiceTest" time="27.747"/>
</testsuite> <!-- reusableMethodsLibrary.Invoice -->
